<?xml version="1.0" encoding="UTF-8"?>
<!-- Generated by org.testng.reporters.JUnitXMLReporter -->
<testsuite ignored="9" hostname="CONGPC" failures="5" tests="5" name="Group1Tests" time="0.075" errors="0" timestamp="2023-11-02T20:22:56 ICT">
  <testcase classname="tests.AlertsTest" name="doTC01Alert" time="0.016">
    <failure type="java.lang.NullPointerException" message="Cannot invoke &amp;quot;org.openqa.selenium.JavascriptExecutor.executeScript(String, Object[])&amp;quot; because &amp;quot;js&amp;quot; is null">
      <![CDATA[java.lang.NullPointerException: Cannot invoke "org.openqa.selenium.JavascriptExecutor.executeScript(String, Object[])" because "js" is null
at pages.HomePage.clickAlertFrameWindow(HomePage.java:42)
at tests.AlertsTest.doTC01Alert(AlertsTest.java:26)
at java.base/java.util.ArrayList.forEach(ArrayList.java:1511)
... Removed 25 stack frames]]>
    </failure>
  </testcase> <!-- doTC01Alert -->
  <testcase classname="tests.AlertsTest" name="doTC02TimerAlert" time="0.002">
    <failure type="java.lang.NullPointerException" message="Cannot invoke &amp;quot;org.openqa.selenium.JavascriptExecutor.executeScript(String, Object[])&amp;quot; because &amp;quot;js&amp;quot; is null">
      <![CDATA[java.lang.NullPointerException: Cannot invoke "org.openqa.selenium.JavascriptExecutor.executeScript(String, Object[])" because "js" is null
at pages.HomePage.clickAlertFrameWindow(HomePage.java:42)
at tests.AlertsTest.doTC02TimerAlert(AlertsTest.java:50)
at java.base/java.util.ArrayList.forEach(ArrayList.java:1511)
... Removed 25 stack frames]]>
    </failure>
  </testcase> <!-- doTC02TimerAlert -->
  <testcase classname="tests.AlertsTest" name="doTC03ConfirmOK" time="0.001">
    <failure type="java.lang.NullPointerException" message="Cannot invoke &amp;quot;org.openqa.selenium.JavascriptExecutor.executeScript(String, Object[])&amp;quot; because &amp;quot;js&amp;quot; is null">
      <![CDATA[java.lang.NullPointerException: Cannot invoke "org.openqa.selenium.JavascriptExecutor.executeScript(String, Object[])" because "js" is null
at pages.HomePage.clickAlertFrameWindow(HomePage.java:42)
at tests.AlertsTest.doTC03ConfirmOK(AlertsTest.java:77)
at java.base/java.util.ArrayList.forEach(ArrayList.java:1511)
... Removed 25 stack frames]]>
    </failure>
  </testcase> <!-- doTC03ConfirmOK -->
  <testcase classname="tests.AlertsTest" name="doTC04ConfirmCancel" time="0.001">
    <failure type="java.lang.NullPointerException" message="Cannot invoke &amp;quot;org.openqa.selenium.JavascriptExecutor.executeScript(String, Object[])&amp;quot; because &amp;quot;js&amp;quot; is null">
      <![CDATA[java.lang.NullPointerException: Cannot invoke "org.openqa.selenium.JavascriptExecutor.executeScript(String, Object[])" because "js" is null
at pages.HomePage.clickAlertFrameWindow(HomePage.java:42)
at tests.AlertsTest.doTC04ConfirmCancel(AlertsTest.java:107)
at java.base/java.util.ArrayList.forEach(ArrayList.java:1511)
... Removed 25 stack frames]]>
    </failure>
  </testcase> <!-- doTC04ConfirmCancel -->
  <testcase classname="tests.AlertsTest" name="doTC05PromptBox" time="0.001">
    <failure type="java.lang.NullPointerException" message="Cannot invoke &amp;quot;org.openqa.selenium.JavascriptExecutor.executeScript(String, Object[])&amp;quot; because &amp;quot;js&amp;quot; is null">
      <![CDATA[java.lang.NullPointerException: Cannot invoke "org.openqa.selenium.JavascriptExecutor.executeScript(String, Object[])" because "js" is null
at pages.HomePage.clickAlertFrameWindow(HomePage.java:42)
at tests.AlertsTest.doTC05PromptBox(AlertsTest.java:137)
at java.base/java.util.ArrayList.forEach(ArrayList.java:1511)
... Removed 25 stack frames]]>
    </failure>
  </testcase> <!-- doTC05PromptBox -->
  <testcase classname="tests.CheckBoxTest" name="doTC01" time="0.0">
    <ignored/>
  </testcase> <!-- doTC01 -->
  <testcase classname="tests.ModalDialogsTest" name="doTC01ModalDialogs" time="0.0">
    <ignored/>
  </testcase> <!-- doTC01ModalDialogs -->
  <testcase classname="tests.BrowserWindowsTest" name="doTC03" time="0.0">
    <ignored/>
  </testcase> <!-- doTC03 -->
  <testcase classname="tests.FormsTest" name="submitDataSuccessfully" time="0.0">
    <ignored/>
  </testcase> <!-- submitDataSuccessfully -->
  <testcase classname="tests.ButtonsTest" name="doTC01" time="0.0">
    <ignored/>
  </testcase> <!-- doTC01 -->
  <testcase classname="tests.WebTablesTest" name="doTC02" time="0.0">
    <ignored/>
  </testcase> <!-- doTC02 -->
  <testcase classname="tests.RadioButtonTest" name="doTC01" time="0.0">
    <ignored/>
  </testcase> <!-- doTC01 -->
  <testcase classname="tests.TextBoxTest" name="doTC02" time="0.0">
    <ignored/>
  </testcase> <!-- doTC02 -->
  <testcase classname="tests.FramesTest" name="doTC01Alert" time="0.0">
    <ignored/>
  </testcase> <!-- doTC01Alert -->
</testsuite> <!-- Group1Tests -->
